TN:
SF:script/Donation.s.sol
DA:10,0
FN:10,CounterScript.setUp
FNDA:0,CounterScript.setUp
DA:12,0
FN:12,CounterScript.run
FNDA:0,CounterScript.run
DA:13,0
DA:14,0
DA:15,0
FNF:2
FNH:0
LF:5
LH:0
BRF:0
BRH:0
end_of_record
TN:
SF:src/Donation.sol
DA:31,0
FN:31,Donation_Dao.createNewCampaign
FNDA:0,Donation_Dao.createNewCampaign
DA:37,0
DA:38,0
DA:39,0
DA:48,0
DA:49,0
DA:52,0
FN:52,Donation_Dao.validateInputs
FNDA:0,Donation_Dao.validateInputs
DA:58,0
BRDA:58,0,0,-
BRDA:58,0,1,-
DA:59,0
BRDA:59,1,0,-
BRDA:59,1,1,-
DA:60,0
BRDA:60,2,0,-
BRDA:60,2,1,-
DA:61,0
BRDA:61,3,0,-
BRDA:61,3,1,-
DA:64,0
FN:64,Donation_Dao.getTotalCampaigns
FNDA:0,Donation_Dao.getTotalCampaigns
DA:65,0
DA:68,0
FN:68,Donation_Dao.updateCampaign
FNDA:0,Donation_Dao.updateCampaign
DA:72,0
BRDA:72,4,0,-
BRDA:72,4,1,-
DA:73,0
DA:74,0
DA:75,0
BRDA:75,5,0,-
DA:76,0
DA:77,0
DA:78,0
DA:79,0
DA:82,0
DA:85,0
FN:85,Donation_Dao.validateUpdate
FNDA:0,Donation_Dao.validateUpdate
DA:86,0
BRDA:86,6,0,-
BRDA:86,6,1,-
DA:87,0
BRDA:87,7,0,-
BRDA:87,7,1,-
DA:94,0
FN:94,Donation_Dao.donateToCampaign
FNDA:0,Donation_Dao.donateToCampaign
DA:95,0
BRDA:95,8,0,-
BRDA:95,8,1,-
DA:96,0
BRDA:96,9,0,-
DA:97,0
DA:99,0
DA:100,0
BRDA:100,10,0,-
DA:101,0
DA:102,0
DA:105,0
FNF:6
FNH:0
LF:35
LH:0
BRF:19
BRH:0
end_of_record
TN:
SF:src/Staking.sol
DA:30,9
FN:30,StakingRewards.constructor
FNDA:9,StakingRewards.constructor
DA:31,9
DA:32,9
DA:33,9
DA:36,7
FN:36,StakingRewards.onlyOwner
FNDA:7,StakingRewards.onlyOwner
DA:37,7
BRDA:37,0,0,1
BRDA:37,0,1,5
DA:41,2
FN:41,StakingRewards.updateReward
FNDA:2,StakingRewards.updateReward
DA:42,2
DA:43,2
DA:45,2
BRDA:45,1,0,2
DA:46,2
DA:47,2
DA:53,0
FN:53,StakingRewards.lastTimeRewardApplicable
FNDA:0,StakingRewards.lastTimeRewardApplicable
DA:54,25
DA:57,0
FN:57,StakingRewards.rewardPerToken
FNDA:0,StakingRewards.rewardPerToken
DA:58,26
BRDA:58,2,0,17
DA:59,17
DA:62,9
DA:65,5
FN:65,StakingRewards.stake
FNDA:5,StakingRewards.stake
DA:66,5
BRDA:66,3,0,1
BRDA:66,3,1,4
DA:67,4
DA:68,4
DA:69,4
DA:72,2
FN:72,StakingRewards.withdraw
FNDA:2,StakingRewards.withdraw
DA:73,2
BRDA:73,4,0,1
BRDA:73,4,1,1
DA:74,1
DA:75,1
DA:76,1
DA:79,1
FN:79,StakingRewards.earned
FNDA:1,StakingRewards.earned
DA:80,10
DA:81,10
DA:84,2
FN:84,StakingRewards.getReward
FNDA:2,StakingRewards.getReward
DA:85,2
DA:86,2
BRDA:86,5,0,2
DA:87,2
DA:88,2
DA:92,6
FN:92,StakingRewards.setRewardsDuration
FNDA:6,StakingRewards.setRewardsDuration
DA:93,5
BRDA:93,6,0,1
BRDA:93,6,1,4
DA:94,4
DA:97,7
FN:97,StakingRewards.notifyRewardAmount
FNDA:7,StakingRewards.notifyRewardAmount
DA:98,7
BRDA:98,7,0,6
BRDA:98,7,1,1
DA:99,6
DA:101,1
DA:102,1
DA:105,7
BRDA:105,8,0,1
BRDA:105,8,1,6
DA:106,6
BRDA:106,9,0,1
BRDA:106,9,1,5
DA:108,5
DA:109,5
DA:112,25
FN:112,StakingRewards._min
FNDA:25,StakingRewards._min
DA:113,25
FNF:12
FNH:10
LF:50
LH:48
BRF:17
BRH:17
end_of_record
